<?xml version="1.0" encoding="UTF-8"?>
<!-- Generated by org.testng.reporters.JUnitReportReporter -->
<testsuite skipped="0" hostname="dell-PC" name="com.winow.exp.PairentChiedWindowExp" tests="1" failures="0" timestamp="2020-08-23T01:30:43 IST" time="10.641" errors="0">
  <testcase name="m1" time="10.641" classname="com.winow.exp.PairentChiedWindowExp"/>
  <system-out/>
</testsuite> <!-- com.winow.exp.PairentChiedWindowExp -->
