<?xml version="1.0" encoding="UTF-8"?>
<!-- Generated by org.testng.reporters.JUnitReportReporter -->
<testsuite skipped="0" hostname="dell-PC" name="com.emp.employeeScript" tests="1" failures="0" timestamp="2020-08-22T01:40:39 IST" time="0.012" errors="0">
  <testcase name="f" time="0.012" classname="com.emp.employeeScript"/>
  <system-out/>
</testsuite> <!-- com.emp.employeeScript -->
