<?xml version="1.0" encoding="UTF-8"?>
<!-- Generated by org.testng.reporters.JUnitReportReporter -->
<testsuite skipped="0" hostname="dell-PC" name="com.emp.emp2" tests="1" failures="0" timestamp="2020-08-23T00:41:13 IST" time="0.016" errors="0">
  <testcase name="f" time="0.016" classname="com.emp.emp2"/>
  <system-out/>
</testsuite> <!-- com.emp.emp2 -->
